<?xml version="1.0" encoding="UTF-8"?>
<testsuite name="com.dibitara.app.domain.usecase.AddTransactionUseCaseTest" tests="2" skipped="0" failures="0" errors="0" timestamp="2026-05-04T21:38:12.509Z" hostname="gohali" time="1.137">
  <properties/>
  <testcase name="retourne succès quand le montant est valide()" classname="com.dibitara.app.domain.usecase.AddTransactionUseCaseTest" time="1.125"/>
  <testcase name="retourne échec quand le montant est nul ou négatif()" classname="com.dibitara.app.domain.usecase.AddTransactionUseCaseTest" time="0.01"/>
  <system-out><![CDATA[]]></system-out>
  <system-err><![CDATA[WARNING: A Java agent has been loaded dynamically (/home/florent/.gradle/caches/modules-2/files-2.1/net.bytebuddy/byte-buddy-agent/1.14.17/e3c251a39dc90badaf71c83427ba46840f219d8d/byte-buddy-agent-1.14.17.jar)
WARNING: If a serviceability tool is in use, please run with -XX:+EnableDynamicAgentLoading to hide this warning
WARNING: If a serviceability tool is not in use, please run with -Djdk.instrument.traceUsage for more information
WARNING: Dynamic loading of agents will be disallowed by default in a future release
]]></system-err>
</testsuite>
